<?xml version="1.0" encoding="UTF-8"?>
<!-- Generated by org.testng.reporters.JUnitXMLReporter -->
<testsuite hostname="Azu" ignored="0" name="Surefire test" tests="10" failures="0" timestamp="2023-03-23T14:24:47 EDT" time="7.32" errors="0">
  <testcase name="testPostuser" time="1.441" classname="api.test.DDTTest"/>
  <testcase name="testPostuser" time="0.074" classname="api.test.DDTTest"/>
  <testcase name="testPostuser" time="0.066" classname="api.test.DDTTest"/>
  <testcase name="testDeleteUser" time="0.065" classname="api.test.DDTTest"/>
  <testcase name="testDeleteUser" time="0.056" classname="api.test.DDTTest"/>
  <testcase name="testDeleteUser" time="0.058" classname="api.test.DDTTest"/>
  <testcase name="testPostUser" time="0.648" classname="api.test.UserTest"/>
  <testcase name="testGetUserByName" time="0.143" classname="api.test.UserTest"/>
  <testcase name="testUpdateUser" time="0.249" classname="api.test.UserTest"/>
  <testcase name="testDeleteUser" time="3.139" classname="api.test.UserTest"/>
</testsuite> <!-- Surefire test -->
