<?xml version="1.0" encoding="UTF-8"?>
<testng-results skipped="0" failed="0" ignored="0" total="10" passed="10">
  <reporter-output>
  </reporter-output>
  <suite name="Surefire suite" duration-ms="7320" started-at="2023-03-23T14:24:39 EDT" finished-at="2023-03-23T14:24:47 EDT">
    <groups>
    </groups>
    <test name="Surefire test" duration-ms="7320" started-at="2023-03-23T14:24:39 EDT" finished-at="2023-03-23T14:24:47 EDT">
      <class name="api.test.DDTTest">
        <test-method status="PASS" signature="testPostuser(java.lang.String, java.lang.String, java.lang.String, java.lang.String, java.lang.String, java.lang.String, java.lang.String)[pri:1, instance:api.test.DDTTest@5b87ed94]" name="testPostuser" duration-ms="1441" started-at="2023-03-23T14:24:41 EDT" data-provider="Data" finished-at="2023-03-23T14:24:42 EDT">
          <params>
            <param index="0">
              <value>
                <![CDATA[1010]]>
              </value>
            </param>
            <param index="1">
              <value>
                <![CDATA[test1]]>
              </value>
            </param>
            <param index="2">
              <value>
                <![CDATA[Amy]]>
              </value>
            </param>
            <param index="3">
              <value>
                <![CDATA[John]]>
              </value>
            </param>
            <param index="4">
              <value>
                <![CDATA[a@gmail.com]]>
              </value>
            </param>
            <param index="5">
              <value>
                <![CDATA[test@1]]>
              </value>
            </param>
            <param index="6">
              <value>
                <![CDATA[1234567897]]>
              </value>
            </param>
          </params>
          <reporter-output>
          </reporter-output>
        </test-method> <!-- testPostuser -->
        <test-method status="PASS" signature="testPostuser(java.lang.String, java.lang.String, java.lang.String, java.lang.String, java.lang.String, java.lang.String, java.lang.String)[pri:1, instance:api.test.DDTTest@5b87ed94]" name="testPostuser" duration-ms="74" started-at="2023-03-23T14:24:42 EDT" data-provider="Data" finished-at="2023-03-23T14:24:42 EDT">
          <params>
            <param index="0">
              <value>
                <![CDATA[1020]]>
              </value>
            </param>
            <param index="1">
              <value>
                <![CDATA[test2]]>
              </value>
            </param>
            <param index="2">
              <value>
                <![CDATA[Max]]>
              </value>
            </param>
            <param index="3">
              <value>
                <![CDATA[Kim]]>
              </value>
            </param>
            <param index="4">
              <value>
                <![CDATA[b@gmail.com]]>
              </value>
            </param>
            <param index="5">
              <value>
                <![CDATA[test@2]]>
              </value>
            </param>
            <param index="6">
              <value>
                <![CDATA[1234567897]]>
              </value>
            </param>
          </params>
          <reporter-output>
          </reporter-output>
        </test-method> <!-- testPostuser -->
        <test-method status="PASS" signature="testPostuser(java.lang.String, java.lang.String, java.lang.String, java.lang.String, java.lang.String, java.lang.String, java.lang.String)[pri:1, instance:api.test.DDTTest@5b87ed94]" name="testPostuser" duration-ms="66" started-at="2023-03-23T14:24:42 EDT" data-provider="Data" finished-at="2023-03-23T14:24:42 EDT">
          <params>
            <param index="0">
              <value>
                <![CDATA[1030]]>
              </value>
            </param>
            <param index="1">
              <value>
                <![CDATA[test3]]>
              </value>
            </param>
            <param index="2">
              <value>
                <![CDATA[Rana]]>
              </value>
            </param>
            <param index="3">
              <value>
                <![CDATA[Azu]]>
              </value>
            </param>
            <param index="4">
              <value>
                <![CDATA[c@gmail.com]]>
              </value>
            </param>
            <param index="5">
              <value>
                <![CDATA[test@3]]>
              </value>
            </param>
            <param index="6">
              <value>
                <![CDATA[1234567897]]>
              </value>
            </param>
          </params>
          <reporter-output>
          </reporter-output>
        </test-method> <!-- testPostuser -->
        <test-method status="PASS" signature="testDeleteUser(java.lang.String)[pri:2, instance:api.test.DDTTest@5b87ed94]" name="testDeleteUser" duration-ms="65" started-at="2023-03-23T14:24:42 EDT" data-provider="UserNames" finished-at="2023-03-23T14:24:42 EDT">
          <params>
            <param index="0">
              <value>
                <![CDATA[test1]]>
              </value>
            </param>
          </params>
          <reporter-output>
          </reporter-output>
        </test-method> <!-- testDeleteUser -->
        <test-method status="PASS" signature="testDeleteUser(java.lang.String)[pri:2, instance:api.test.DDTTest@5b87ed94]" name="testDeleteUser" duration-ms="56" started-at="2023-03-23T14:24:42 EDT" data-provider="UserNames" finished-at="2023-03-23T14:24:42 EDT">
          <params>
            <param index="0">
              <value>
                <![CDATA[test2]]>
              </value>
            </param>
          </params>
          <reporter-output>
          </reporter-output>
        </test-method> <!-- testDeleteUser -->
        <test-method status="PASS" signature="testDeleteUser(java.lang.String)[pri:2, instance:api.test.DDTTest@5b87ed94]" name="testDeleteUser" duration-ms="58" started-at="2023-03-23T14:24:42 EDT" data-provider="UserNames" finished-at="2023-03-23T14:24:42 EDT">
          <params>
            <param index="0">
              <value>
                <![CDATA[test3]]>
              </value>
            </param>
          </params>
          <reporter-output>
          </reporter-output>
        </test-method> <!-- testDeleteUser -->
      </class> <!-- api.test.DDTTest -->
      <class name="api.test.UserTest">
        <test-method status="PASS" signature="setup()[pri:0, instance:api.test.UserTest@6e0e048a]" name="setup" is-config="true" duration-ms="127" started-at="2023-03-23T14:24:42 EDT" finished-at="2023-03-23T14:24:43 EDT">
          <reporter-output>
          </reporter-output>
        </test-method> <!-- setup -->
        <test-method status="PASS" signature="testPostUser()[pri:1, instance:api.test.UserTest@6e0e048a]" name="testPostUser" duration-ms="648" started-at="2023-03-23T14:24:43 EDT" finished-at="2023-03-23T14:24:43 EDT">
          <reporter-output>
          </reporter-output>
        </test-method> <!-- testPostUser -->
        <test-method status="PASS" signature="testGetUserByName()[pri:2, instance:api.test.UserTest@6e0e048a]" name="testGetUserByName" duration-ms="143" started-at="2023-03-23T14:24:43 EDT" finished-at="2023-03-23T14:24:43 EDT">
          <reporter-output>
          </reporter-output>
        </test-method> <!-- testGetUserByName -->
        <test-method status="PASS" signature="testUpdateUser()[pri:3, instance:api.test.UserTest@6e0e048a]" name="testUpdateUser" duration-ms="249" started-at="2023-03-23T14:24:43 EDT" finished-at="2023-03-23T14:24:44 EDT">
          <reporter-output>
          </reporter-output>
        </test-method> <!-- testUpdateUser -->
        <test-method status="PASS" signature="testDeleteUser()[pri:4, instance:api.test.UserTest@6e0e048a]" name="testDeleteUser" duration-ms="3139" started-at="2023-03-23T14:24:44 EDT" finished-at="2023-03-23T14:24:47 EDT">
          <reporter-output>
          </reporter-output>
        </test-method> <!-- testDeleteUser -->
      </class> <!-- api.test.UserTest -->
    </test> <!-- Surefire test -->
  </suite> <!-- Surefire suite -->
</testng-results>
