<?xml version="1.0" encoding="UTF-8"?>
<testsuite xmlns:xsi="http://www.w3.org/2001/XMLSchema-instance" xsi:noNamespaceSchemaLocation="https://maven.apache.org/surefire/maven-surefire-plugin/xsd/surefire-test-report-3.0.xsd" version="3.0" name="TestSuite" time="7.695" tests="10" errors="0" skipped="0" failures="0">
  <properties>
[...]
</properties>
  <testcase name="testPostuser[1010, test1, Amy, John, a@gmail.com, test@1, 1234567897](1)" classname="api.test.DDTTest" time="1.442">
    <system-out><![CDATA[ERROR StatusConsoleListener Console contains an invalid element or attribute "type"
]]></system-out>
  </testcase>
  <testcase name="testPostuser[1020, test2, Max, Kim, b@gmail.com, test@2, 1234567897](2)" classname="api.test.DDTTest" time="0.073"/>
  <testcase name="testPostuser[1030, test3, Rana, Azu, c@gmail.com, test@3, 1234567897](3)" classname="api.test.DDTTest" time="0.066"/>
  <testcase name="testDeleteUser[test1](1)" classname="api.test.DDTTest" time="0.066"/>
  <testcase name="testDeleteUser[test2](2)" classname="api.test.DDTTest" time="0.055"/>
  <testcase name="testDeleteUser[test3](3)" classname="api.test.DDTTest" time="0.058"/>
  <testcase name="testPostUser" classname="api.test.UserTest" time="0.649">
    <system-out><![CDATA[HTTP/1.1 200 OK
Date: Thu, 23 Mar 2023 18:22:20 GMT
Content-Type: application/json
Transfer-Encoding: chunked
Connection: keep-alive
Access-Control-Allow-Origin: *
Access-Control-Allow-Methods: GET, POST, DELETE, PUT
Access-Control-Allow-Headers: Content-Type, api_key, Authorization
Server: Jetty(9.2.9.v20150224)

{
    "code": 200,
    "type": "unknown",
    "message": "936546050"
}
]]></system-out>
  </testcase>
  <testcase name="testGetUserByName" classname="api.test.UserTest" time="0.149">
    <system-out><![CDATA[HTTP/1.1 200 OK
Date: Thu, 23 Mar 2023 18:22:20 GMT
Content-Type: application/json
Transfer-Encoding: chunked
Connection: keep-alive
Access-Control-Allow-Origin: *
Access-Control-Allow-Methods: GET, POST, DELETE, PUT
Access-Control-Allow-Headers: Content-Type, api_key, Authorization
Server: Jetty(9.2.9.v20150224)

{
    "id": 936546050,
    "username": "arnold.kunde",
    "email": "bruno.rath@example.com",
    "password": "a824mfji",
    "phone": "170-835-3181",
    "userStatus": 0
}
]]></system-out>
  </testcase>
  <testcase name="testUpdateUser" classname="api.test.UserTest" time="0.244">
    <system-out><![CDATA[HTTP/1.1 200 OK
Date: Thu, 23 Mar 2023 18:22:20 GMT
Content-Type: application/json
Transfer-Encoding: chunked
Connection: keep-alive
Access-Control-Allow-Origin: *
Access-Control-Allow-Methods: GET, POST, DELETE, PUT
Access-Control-Allow-Headers: Content-Type, api_key, Authorization
Server: Jetty(9.2.9.v20150224)

{
    "code": 200,
    "type": "unknown",
    "message": "936546050"
}
]]></system-out>
  </testcase>
  <testcase name="testDeleteUser" classname="api.test.UserTest" time="3.144">
    <system-out><![CDATA[HTTP/1.1 200 OK
Date: Thu, 23 Mar 2023 18:22:24 GMT
Content-Type: application/json
Transfer-Encoding: chunked
Connection: keep-alive
Access-Control-Allow-Origin: *
Access-Control-Allow-Methods: GET, POST, DELETE, PUT
Access-Control-Allow-Headers: Content-Type, api_key, Authorization
Server: Jetty(9.2.9.v20150224)

{
    "code": 200,
    "type": "unknown",
    "message": "arnold.kunde"
}
]]></system-out>
  </testcase>
</testsuite>