<?xml version="1.0" encoding="UTF-8"?>
<!-- Generated by org.testng.reporters.JUnitXMLReporter -->
<testsuite ignored="0" hostname="Azu" failures="0" tests="10" name="PetTest" time="5.477" errors="0" timestamp="2023-03-23T13:45:09 EDT">
  <testcase classname="api.test.UserTest" name="testPostUser" time="1.483"/>
  <testcase classname="api.test.UserTest" name="testGetUserByName" time="0.094"/>
  <testcase classname="api.test.UserTest" name="testUpdateUser" time="0.252"/>
  <testcase classname="api.test.UserTest" name="testDeleteUser" time="0.061"/>
  <testcase classname="api.test.DDTTest" name="testPostuser" time="0.084"/>
  <testcase classname="api.test.DDTTest" name="testPostuser" time="0.069"/>
  <testcase classname="api.test.DDTTest" name="testPostuser" time="0.09"/>
  <testcase classname="api.test.DDTTest" name="testDeleteUser" time="0.057"/>
  <testcase classname="api.test.DDTTest" name="testDeleteUser" time="1.507"/>
  <testcase classname="api.test.DDTTest" name="testDeleteUser" time="0.064"/>
</testsuite> <!-- PetTest -->
